# JRE version: OpenJDK Runtime Environment Microsoft-8035246 (17.0.8+7) (build 17.0.8+7-LTS)
# Java VM: OpenJDK 64-Bit Server VM Microsoft-8035246 (17.0.8+7-LTS, mixed mode, tiered, compressed oops, compressed class ptrs, g1 gc, windows-amd64)
GC Precious Log:
 CPUs: 12 total, 12 available
 Memory: 32698M
 Large Page Support: Disabled
 NUMA Support: Disabled
 Compressed Oops: Enabled (Zero based)
 Heap Region Size: 8M
 Heap Min Capacity: 256M
 Heap Initial Capacity: 256M
 Heap Max Capacity: 8352M
 Pre-touch: Disabled
 Parallel Workers: 10
 Concurrent Workers: 3
 Concurrent Refinement Workers: 10
 Periodic GC: Disabled
Heap:
 garbage-first heap   total 2244608K, used 1455127K [0x00000005f6000000, 0x0000000800000000)
  region size 8192K, 105 young (860160K), 9 survivors (73728K)
 Metaspace       used 236834K, committed 239296K, reserved 1310720K
  class space    used 41244K, committed 42304K, reserved 1048576K
GC Heap History (20 events):
Event: 26.124 GC heap before
{Heap before GC invocations=52 (full 0):
 garbage-first heap   total 1105920K, used 947952K [0x00000005f6000000, 0x0000000800000000)
  region size 8192K, 61 young (499712K), 1 survivors (8192K)
 Metaspace       used 113376K, committed 115520K, reserved 1179648K
  class space    used 16039K, committed 16960K, reserved 1048576K
}
Event: 26.134 GC heap after
{Heap after GC invocations=53 (full 0):
 garbage-first heap   total 1105920K, used 454333K [0x00000005f6000000, 0x0000000800000000)
  region size 8192K, 3 young (24576K), 3 survivors (24576K)
 Metaspace       used 113376K, committed 115520K, reserved 1179648K
  class space    used 16039K, committed 16960K, reserved 1048576K
}
Event: 26.646 GC heap before
{Heap before GC invocations=54 (full 0):
 garbage-first heap   total 1122304K, used 937661K [0x00000005f6000000, 0x0000000800000000)
  region size 8192K, 62 young (507904K), 3 survivors (24576K)
 Metaspace       used 126414K, committed 128576K, reserved 1179648K
  class space    used 18535K, committed 19456K, reserved 1048576K
}
Event: 26.659 GC heap after
{Heap after GC invocations=55 (full 0):
 garbage-first heap   total 1122304K, used 464981K [0x00000005f6000000, 0x0000000800000000)
  region size 8192K, 4 young (32768K), 4 survivors (32768K)
 Metaspace       used 126414K, committed 128576K, reserved 1179648K
  class space    used 18535K, committed 19456K, reserved 1048576K
}
Event: 26.685 GC heap before
{Heap before GC invocations=55 (full 0):
 garbage-first heap   total 1122304K, used 481365K [0x00000005f6000000, 0x0000000800000000)
  region size 8192K, 6 young (49152K), 4 survivors (32768K)
 Metaspace       used 127245K, committed 129408K, reserved 1179648K
  class space    used 18669K, committed 19584K, reserved 1048576K
}
Event: 26.697 GC heap after
{Heap after GC invocations=56 (full 0):
 garbage-first heap   total 1122304K, used 466292K [0x00000005f6000000, 0x0000000800000000)
  region size 8192K, 1 young (8192K), 1 survivors (8192K)
 Metaspace       used 127245K, committed 129408K, reserved 1179648K
  class space    used 18669K, committed 19584K, reserved 1048576K
}
Event: 27.247 GC heap before
{Heap before GC invocations=56 (full 0):
 garbage-first heap   total 1122304K, used 949620K [0x00000005f6000000, 0x0000000800000000)
  region size 8192K, 60 young (491520K), 1 survivors (8192K)
 Metaspace       used 143496K, committed 145664K, reserved 1179648K
  class space    used 22287K, committed 23232K, reserved 1048576K
}
Event: 27.257 GC heap after
{Heap after GC invocations=57 (full 0):
 garbage-first heap   total 1122304K, used 480885K [0x00000005f6000000, 0x0000000800000000)
  region size 8192K, 3 young (24576K), 3 survivors (24576K)
 Metaspace       used 143496K, committed 145664K, reserved 1179648K
  class space    used 22287K, committed 23232K, reserved 1048576K
}
Event: 27.878 GC heap before
{Heap before GC invocations=57 (full 0):
 garbage-first heap   total 1122304K, used 947829K [0x00000005f6000000, 0x0000000800000000)
  region size 8192K, 60 young (491520K), 3 survivors (24576K)
 Metaspace       used 165810K, committed 167936K, reserved 1245184K
  class space    used 26825K, committed 27712K, reserved 1048576K
}
Event: 27.893 GC heap after
{Heap after GC invocations=58 (full 0):
 garbage-first heap   total 1122304K, used 504312K [0x00000005f6000000, 0x0000000800000000)
  region size 8192K, 6 young (49152K), 6 survivors (49152K)
 Metaspace       used 165810K, committed 167936K, reserved 1245184K
  class space    used 26825K, committed 27712K, reserved 1048576K
}
Event: 28.618 GC heap before
{Heap before GC invocations=58 (full 0):
 garbage-first heap   total 1122304K, used 938488K [0x00000005f6000000, 0x0000000800000000)
  region size 8192K, 59 young (483328K), 6 survivors (49152K)
 Metaspace       used 187865K, committed 190016K, reserved 1245184K
  class space    used 31348K, committed 32256K, reserved 1048576K
}
Event: 28.641 GC heap after
{Heap after GC invocations=59 (full 0):
 garbage-first heap   total 1122304K, used 538207K [0x00000005f6000000, 0x0000000800000000)
  region size 8192K, 8 young (65536K), 8 survivors (65536K)
 Metaspace       used 187865K, committed 190016K, reserved 1245184K
  class space    used 31348K, committed 32256K, reserved 1048576K
}
Event: 30.486 GC heap before
{Heap before GC invocations=59 (full 0):
 garbage-first heap   total 1122304K, used 931423K [0x00000005f6000000, 0x0000000800000000)
  region size 8192K, 56 young (458752K), 8 survivors (65536K)
 Metaspace       used 195593K, committed 197824K, reserved 1245184K
  class space    used 32699K, committed 33664K, reserved 1048576K
}
Event: 30.513 GC heap after
{Heap after GC invocations=60 (full 0):
 garbage-first heap   total 2244608K, used 566993K [0x00000005f6000000, 0x0000000800000000)
  region size 8192K, 4 young (32768K), 4 survivors (32768K)
 Metaspace       used 195593K, committed 197824K, reserved 1245184K
  class space    used 32699K, committed 33664K, reserved 1048576K
}
Event: 31.111 GC heap before
{Heap before GC invocations=60 (full 0):
 garbage-first heap   total 2244608K, used 788177K [0x00000005f6000000, 0x0000000800000000)
  region size 8192K, 32 young (262144K), 4 survivors (32768K)
 Metaspace       used 198222K, committed 200448K, reserved 1245184K
  class space    used 33241K, committed 34176K, reserved 1048576K
}
Event: 31.132 GC heap after
{Heap after GC invocations=61 (full 0):
 garbage-first heap   total 2244608K, used 578572K [0x00000005f6000000, 0x0000000800000000)
  region size 8192K, 6 young (49152K), 6 survivors (49152K)
 Metaspace       used 198222K, committed 200448K, reserved 1245184K
  class space    used 33241K, committed 34176K, reserved 1048576K
}
Event: 35.017 GC heap before
{Heap before GC invocations=62 (full 0):
 garbage-first heap   total 2244608K, used 1799180K [0x00000005f6000000, 0x0000000800000000)
  region size 8192K, 155 young (1269760K), 6 survivors (49152K)
 Metaspace       used 227848K, committed 230272K, reserved 1245184K
  class space    used 39918K, committed 40960K, reserved 1048576K
}
Event: 35.047 GC heap after
{Heap after GC invocations=63 (full 0):
 garbage-first heap   total 2244608K, used 623323K [0x00000005f6000000, 0x0000000800000000)
  region size 8192K, 11 young (90112K), 11 survivors (90112K)
 Metaspace       used 227848K, committed 230272K, reserved 1245184K
  class space    used 39918K, committed 40960K, reserved 1048576K
}
Event: 35.051 GC heap before
{Heap before GC invocations=63 (full 0):
 garbage-first heap   total 2244608K, used 639707K [0x00000005f6000000, 0x0000000800000000)
  region size 8192K, 13 young (106496K), 11 survivors (90112K)
 Metaspace       used 227849K, committed 230272K, reserved 1245184K
  class space    used 39918K, committed 40960K, reserved 1048576K
}
Event: 35.075 GC heap after
{Heap after GC invocations=64 (full 0):
 garbage-first heap   total 2244608K, used 627003K [0x00000005f6000000, 0x0000000800000000)
  region size 8192K, 2 young (16384K), 2 survivors (16384K)
 Metaspace       used 227849K, committed 230272K, reserved 1245184K
  class space    used 39918K, committed 40960K, reserved 1048576K
}

