# JRE version: OpenJDK Runtime Environment Microsoft-8035246 (17.0.8+7) (build 17.0.8+7-LTS)
# Java VM: OpenJDK 64-Bit Server VM Microsoft-8035246 (17.0.8+7-LTS, mixed mode, tiered, compressed oops, compressed class ptrs, g1 gc, bsd-aarch64)
GC Precious Log:
 CPUs: 10 total, 10 available
 Memory: 16384M
 Large Page Support: Disabled
 NUMA Support: Disabled
 Compressed Oops: Enabled (Zero based)
 Heap Region Size: 8M
 Heap Min Capacity: 256M
 Heap Initial Capacity: 256M
 Heap Max Capacity: 8352M
 Pre-touch: Disabled
 Parallel Workers: 9
 Concurrent Workers: 2
 Concurrent Refinement Workers: 9
 Periodic GC: Disabled
Heap:
 garbage-first heap   total 1204224K, used 396859K [0x00000005f6000000, 0x0000000800000000)
  region size 8192K, 13 young (106496K), 7 survivors (57344K)
 Metaspace       used 50270K, committed 51904K, reserved 1114112K
  class space    used 5661K, committed 6336K, reserved 1048576K
GC Heap History (20 events):
Event: 4.853 GC heap before
{Heap before GC invocations=22 (full 0):
 garbage-first heap   total 770048K, used 629917K [0x00000005f6000000, 0x0000000800000000)
  region size 8192K, 51 young (417792K), 2 survivors (16384K)
 Metaspace       used 39903K, committed 40832K, reserved 1114112K
  class space    used 4450K, committed 4864K, reserved 1048576K
}
Event: 4.864 GC heap after
{Heap after GC invocations=23 (full 0):
 garbage-first heap   total 770048K, used 241071K [0x00000005f6000000, 0x0000000800000000)
  region size 8192K, 4 young (32768K), 4 survivors (32768K)
 Metaspace       used 39903K, committed 40832K, reserved 1114112K
  class space    used 4450K, committed 4864K, reserved 1048576K
}
Event: 5.209 GC heap before
{Heap before GC invocations=23 (full 0):
 garbage-first heap   total 770048K, used 634287K [0x00000005f6000000, 0x0000000800000000)
  region size 8192K, 52 young (425984K), 4 survivors (32768K)
 Metaspace       used 39935K, committed 40960K, reserved 1114112K
  class space    used 4455K, committed 4864K, reserved 1048576K
}
Event: 5.218 GC heap after
{Heap after GC invocations=24 (full 0):
 garbage-first heap   total 999424K, used 247808K [0x00000005f6000000, 0x0000000800000000)
  region size 8192K, 5 young (40960K), 5 survivors (40960K)
 Metaspace       used 39935K, committed 40960K, reserved 1114112K
  class space    used 4455K, committed 4864K, reserved 1048576K
}
Event: 5.753 GC heap before
{Heap before GC invocations=24 (full 0):
 garbage-first heap   total 999424K, used 804864K [0x00000005f6000000, 0x0000000800000000)
  region size 8192K, 73 young (598016K), 5 survivors (40960K)
 Metaspace       used 39945K, committed 40960K, reserved 1114112K
  class space    used 4455K, committed 4864K, reserved 1048576K
}
Event: 5.760 GC heap after
{Heap after GC invocations=25 (full 0):
 garbage-first heap   total 999424K, used 250663K [0x00000005f6000000, 0x0000000800000000)
  region size 8192K, 5 young (40960K), 5 survivors (40960K)
 Metaspace       used 39945K, committed 40960K, reserved 1114112K
  class space    used 4455K, committed 4864K, reserved 1048576K
}
Event: 6.111 GC heap before
{Heap before GC invocations=25 (full 0):
 garbage-first heap   total 999424K, used 807719K [0x00000005f6000000, 0x0000000800000000)
  region size 8192K, 73 young (598016K), 5 survivors (40960K)
 Metaspace       used 40600K, committed 41600K, reserved 1114112K
  class space    used 4502K, committed 4928K, reserved 1048576K
}
Event: 6.122 GC heap after
{Heap after GC invocations=26 (full 0):
 garbage-first heap   total 999424K, used 260074K [0x00000005f6000000, 0x0000000800000000)
  region size 8192K, 6 young (49152K), 6 survivors (49152K)
 Metaspace       used 40600K, committed 41600K, reserved 1114112K
  class space    used 4502K, committed 4928K, reserved 1048576K
}
Event: 6.493 GC heap before
{Heap before GC invocations=26 (full 0):
 garbage-first heap   total 999424K, used 808938K [0x00000005f6000000, 0x0000000800000000)
  region size 8192K, 73 young (598016K), 6 survivors (49152K)
 Metaspace       used 42014K, committed 43008K, reserved 1114112K
  class space    used 4707K, committed 5120K, reserved 1048576K
}
Event: 6.510 GC heap after
{Heap after GC invocations=27 (full 0):
 garbage-first heap   total 999424K, used 268919K [0x00000005f6000000, 0x0000000800000000)
  region size 8192K, 7 young (57344K), 7 survivors (57344K)
 Metaspace       used 42014K, committed 43008K, reserved 1114112K
  class space    used 4707K, committed 5120K, reserved 1048576K
}
Event: 7.150 GC heap before
{Heap before GC invocations=27 (full 0):
 garbage-first heap   total 999424K, used 809591K [0x00000005f6000000, 0x0000000800000000)
  region size 8192K, 73 young (598016K), 7 survivors (57344K)
 Metaspace       used 43331K, committed 44416K, reserved 1114112K
  class space    used 4885K, committed 5376K, reserved 1048576K
}
Event: 7.159 GC heap after
{Heap after GC invocations=28 (full 0):
 garbage-first heap   total 999424K, used 276239K [0x00000005f6000000, 0x0000000800000000)
  region size 8192K, 7 young (57344K), 7 survivors (57344K)
 Metaspace       used 43331K, committed 44416K, reserved 1114112K
  class space    used 4885K, committed 5376K, reserved 1048576K
}
Event: 7.638 GC heap before
{Heap before GC invocations=28 (full 0):
 garbage-first heap   total 999424K, used 816911K [0x00000005f6000000, 0x0000000800000000)
  region size 8192K, 73 young (598016K), 7 survivors (57344K)
 Metaspace       used 45648K, committed 46912K, reserved 1114112K
  class space    used 5197K, committed 5760K, reserved 1048576K
}
Event: 7.650 GC heap after
{Heap after GC invocations=29 (full 0):
 garbage-first heap   total 999424K, used 283810K [0x00000005f6000000, 0x0000000800000000)
  region size 8192K, 6 young (49152K), 6 survivors (49152K)
 Metaspace       used 45648K, committed 46912K, reserved 1114112K
  class space    used 5197K, committed 5760K, reserved 1048576K
}
Event: 8.225 GC heap before
{Heap before GC invocations=29 (full 0):
 garbage-first heap   total 999424K, used 832674K [0x00000005f6000000, 0x0000000800000000)
  region size 8192K, 73 young (598016K), 6 survivors (49152K)
 Metaspace       used 46687K, committed 48256K, reserved 1114112K
  class space    used 5322K, committed 6016K, reserved 1048576K
}
Event: 8.239 GC heap after
{Heap after GC invocations=30 (full 0):
 garbage-first heap   total 1204224K, used 300593K [0x00000005f6000000, 0x0000000800000000)
  region size 8192K, 7 young (57344K), 7 survivors (57344K)
 Metaspace       used 46687K, committed 48256K, reserved 1114112K
  class space    used 5322K, committed 6016K, reserved 1048576K
}
Event: 8.791 GC heap before
{Heap before GC invocations=30 (full 0):
 garbage-first heap   total 1204224K, used 955953K [0x00000005f6000000, 0x0000000800000000)
  region size 8192K, 88 young (720896K), 7 survivors (57344K)
 Metaspace       used 47033K, committed 48640K, reserved 1114112K
  class space    used 5360K, committed 6080K, reserved 1048576K
}
Event: 8.822 GC heap after
{Heap after GC invocations=31 (full 0):
 garbage-first heap   total 1204224K, used 336141K [0x00000005f6000000, 0x0000000800000000)
  region size 8192K, 10 young (81920K), 10 survivors (81920K)
 Metaspace       used 47033K, committed 48640K, reserved 1114112K
  class space    used 5360K, committed 6080K, reserved 1048576K
}
Event: 9.556 GC heap before
{Heap before GC invocations=31 (full 0):
 garbage-first heap   total 1204224K, used 975117K [0x00000005f6000000, 0x0000000800000000)
  region size 8192K, 88 young (720896K), 10 survivors (81920K)
 Metaspace       used 49878K, committed 51520K, reserved 1114112K
  class space    used 5638K, committed 6336K, reserved 1048576K
}
Event: 9.579 GC heap after
{Heap after GC invocations=32 (full 0):
 garbage-first heap   total 1204224K, used 355899K [0x00000005f6000000, 0x0000000800000000)
  region size 8192K, 7 young (57344K), 7 survivors (57344K)
 Metaspace       used 49878K, committed 51520K, reserved 1114112K
  class space    used 5638K, committed 6336K, reserved 1048576K
}

